<?xml version="1.0" encoding="UTF-8" ?>
<testsuite tests="1" failures="0" name="com.runner.runnerTest" time="21.58" errors="1" skipped="0">
  <properties>
[...]
</properties>
  <testcase classname="Weather" name="Get the high level weather forecast" time="21.58">
    <error message="The requested resource could not be found, or a request was received using an HTTP method that is not supported by the mapped resource
Build info: version: &apos;3.141.59&apos;, revision: &apos;e82be7d358&apos;, time: &apos;2018-11-14T08:17:03&apos;
System info: host: &apos;LAPTOP-4P9B8JJR&apos;, ip: &apos;172.16.3.53&apos;, os.name: &apos;Windows 10&apos;, os.arch: &apos;amd64&apos;, os.version: &apos;10.0&apos;, java.version: &apos;1.8.0_77&apos;
Driver info: io.appium.java_client.AppiumDriver
Capabilities {appActivity: com.dyson.recruitment.test...., appPackage: com.dyson.recruitment.test, databaseEnabled: false, desired: {appActivity: com.dyson.recruitment.test...., appPackage: com.dyson.recruitment.test, deviceName: sdk_gphone_x86_arm, platformName: android, platformVersion: 11, udid: emulator-5554}, deviceApiLevel: 30, deviceManufacturer: Google, deviceModel: sdk_gphone_x86_64, deviceName: emulator-5554, deviceScreenDensity: 440, deviceScreenSize: 1080x2220, deviceUDID: emulator-5554, javascriptEnabled: true, locationContextEnabled: false, networkConnectionEnabled: true, pixelRatio: 2.75, platform: LINUX, platformName: Android, platformVersion: 11, statBarHeight: 66, takesScreenshot: true, udid: emulator-5554, viewportRect: {height: 2022, left: 0, top: 66, width: 1080}, warnings: {}, webStorageEnabled: false}
Session ID: 365a98ee-b60e-4f32-ada8-b3bef83e401b" type="org.openqa.selenium.UnsupportedCommandException">org.openqa.selenium.UnsupportedCommandException: The requested resource could not be found, or a request was received using an HTTP method that is not supported by the mapped resource
Build info: version: &apos;3.141.59&apos;, revision: &apos;e82be7d358&apos;, time: &apos;2018-11-14T08:17:03&apos;
System info: host: &apos;LAPTOP-4P9B8JJR&apos;, ip: &apos;172.16.3.53&apos;, os.name: &apos;Windows 10&apos;, os.arch: &apos;amd64&apos;, os.version: &apos;10.0&apos;, java.version: &apos;1.8.0_77&apos;
Driver info: io.appium.java_client.AppiumDriver
Capabilities {appActivity: com.dyson.recruitment.test...., appPackage: com.dyson.recruitment.test, databaseEnabled: false, desired: {appActivity: com.dyson.recruitment.test...., appPackage: com.dyson.recruitment.test, deviceName: sdk_gphone_x86_arm, platformName: android, platformVersion: 11, udid: emulator-5554}, deviceApiLevel: 30, deviceManufacturer: Google, deviceModel: sdk_gphone_x86_64, deviceName: emulator-5554, deviceScreenDensity: 440, deviceScreenSize: 1080x2220, deviceUDID: emulator-5554, javascriptEnabled: true, locationContextEnabled: false, networkConnectionEnabled: true, pixelRatio: 2.75, platform: LINUX, platformName: Android, platformVersion: 11, statBarHeight: 66, takesScreenshot: true, udid: emulator-5554, viewportRect: {height: 2022, left: 0, top: 66, width: 1080}, warnings: {}, webStorageEnabled: false}
Session ID: 365a98ee-b60e-4f32-ada8-b3bef83e401b
	at sun.reflect.NativeConstructorAccessorImpl.newInstance0(Native Method)
	at sun.reflect.NativeConstructorAccessorImpl.newInstance(NativeConstructorAccessorImpl.java:62)
	at sun.reflect.DelegatingConstructorAccessorImpl.newInstance(DelegatingConstructorAccessorImpl.java:45)
	at java.lang.reflect.Constructor.newInstance(Constructor.java:423)
	at org.openqa.selenium.remote.http.W3CHttpResponseCodec.createException(W3CHttpResponseCodec.java:187)
	at org.openqa.selenium.remote.http.W3CHttpResponseCodec.decode(W3CHttpResponseCodec.java:122)
	at org.openqa.selenium.remote.http.W3CHttpResponseCodec.decode(W3CHttpResponseCodec.java:49)
	at org.openqa.selenium.remote.HttpCommandExecutor.execute(HttpCommandExecutor.java:158)
	at io.appium.java_client.remote.AppiumCommandExecutor.execute(AppiumCommandExecutor.java:247)
	at org.openqa.selenium.remote.RemoteWebDriver.execute(RemoteWebDriver.java:552)
	at io.appium.java_client.DefaultGenericMobileDriver.execute(DefaultGenericMobileDriver.java:45)
	at io.appium.java_client.AppiumDriver.execute(AppiumDriver.java:1)
	at org.openqa.selenium.remote.RemoteWebDriver.close(RemoteWebDriver.java:442)
	at com.dysontest.stepdefintion.close_Driver(stepdefintion.java:73)
</error>
    <system-out>
@Smoke @Regression
Scenario: Get the high level weather forecast          # src/test/resources/com.dysontest/weather.feature:26
Application Started
  Given I have an internet connection                  # com.dysontest.stepdefintion.i_have_an_internet_connection()
  When I have successfully downloaded the weather data # com.dysontest.stepdefintion.i_have_successfully_downloaded_the_weather_data()
Clouds
9.02 C
  Then I can see the weather and temperature for today # com.dysontest.stepdefintion.i_can_see_the_weather_and_temperature_for_today()
      org.openqa.selenium.UnsupportedCommandException: The requested resource could not be found, or a request was received using an HTTP method that is not supported by the mapped resource
Build info: version: &apos;3.141.59&apos;, revision: &apos;e82be7d358&apos;, time: &apos;2018-11-14T08:17:03&apos;
System info: host: &apos;LAPTOP-4P9B8JJR&apos;, ip: &apos;172.16.3.53&apos;, os.name: &apos;Windows 10&apos;, os.arch: &apos;amd64&apos;, os.version: &apos;10.0&apos;, java.version: &apos;1.8.0_77&apos;
Driver info: io.appium.java_client.AppiumDriver
Capabilities {appActivity: com.dyson.recruitment.test...., appPackage: com.dyson.recruitment.test, databaseEnabled: false, desired: {appActivity: com.dyson.recruitment.test...., appPackage: com.dyson.recruitment.test, deviceName: sdk_gphone_x86_arm, platformName: android, platformVersion: 11, udid: emulator-5554}, deviceApiLevel: 30, deviceManufacturer: Google, deviceModel: sdk_gphone_x86_64, deviceName: emulator-5554, deviceScreenDensity: 440, deviceScreenSize: 1080x2220, deviceUDID: emulator-5554, javascriptEnabled: true, locationContextEnabled: false, networkConnectionEnabled: true, pixelRatio: 2.75, platform: LINUX, platformName: Android, platformVersion: 11, statBarHeight: 66, takesScreenshot: true, udid: emulator-5554, viewportRect: {height: 2022, left: 0, top: 66, width: 1080}, warnings: {}, webStorageEnabled: false}
Session ID: 365a98ee-b60e-4f32-ada8-b3bef83e401b
	at sun.reflect.NativeConstructorAccessorImpl.newInstance0(Native Method)
	at sun.reflect.NativeConstructorAccessorImpl.newInstance(NativeConstructorAccessorImpl.java:62)
	at sun.reflect.DelegatingConstructorAccessorImpl.newInstance(DelegatingConstructorAccessorImpl.java:45)
	at java.lang.reflect.Constructor.newInstance(Constructor.java:423)
	at org.openqa.selenium.remote.http.W3CHttpResponseCodec.createException(W3CHttpResponseCodec.java:187)
	at org.openqa.selenium.remote.http.W3CHttpResponseCodec.decode(W3CHttpResponseCodec.java:122)
	at org.openqa.selenium.remote.http.W3CHttpResponseCodec.decode(W3CHttpResponseCodec.java:49)
	at org.openqa.selenium.remote.HttpCommandExecutor.execute(HttpCommandExecutor.java:158)
	at io.appium.java_client.remote.AppiumCommandExecutor.execute(AppiumCommandExecutor.java:247)
	at org.openqa.selenium.remote.RemoteWebDriver.execute(RemoteWebDriver.java:552)
	at io.appium.java_client.DefaultGenericMobileDriver.execute(DefaultGenericMobileDriver.java:45)
	at io.appium.java_client.AppiumDriver.execute(AppiumDriver.java:1)
	at org.openqa.selenium.remote.RemoteWebDriver.close(RemoteWebDriver.java:442)
	at com.dysontest.stepdefintion.close_Driver(stepdefintion.java:73)

</system-out>
    <system-err>Jan 29, 2021 10:29:59 AM io.appium.java_client.remote.AppiumCommandExecutor$1 lambda$0
INFO: Detected dialect: W3C
</system-err>
  </testcase>
</testsuite>